<?xml version="1.0" encoding="UTF-8"?>
<!-- Generated by org.testng.reporters.JUnitReportReporter -->
<testsuite hostname="Suman" failures="0" tests="5" name="runner.TestRunner" time="442.158" errors="0" timestamp="2024-03-12T22:46:18 IST" skipped="0">
  <testcase classname="runner.TestRunner" name="runScenario" time="88.655"/>
  <system-out/>
  <testcase classname="runner.TestRunner" name="runScenario" time="88.619"/>
  <system-out/>
  <testcase classname="runner.TestRunner" name="runScenario" time="88.123"/>
  <system-out/>
  <testcase classname="runner.TestRunner" name="runScenario" time="88.084"/>
  <system-out/>
  <testcase classname="runner.TestRunner" name="runScenario" time="88.677"/>
  <system-out/>
</testsuite> <!-- runner.TestRunner -->
